1643709970365	geckodriver	INFO	Listening on 127.0.0.1:52029
1643709970371	mozrunner::runner	INFO	Running command: "/usr/bin/firefox" "--marionette" "-no-remote" "-profile" "/tmp/rust_mozprofilea5ublj"
ATTENTION: default value of option mesa_glthread overridden by environment.
ATTENTION: default value of option mesa_glthread overridden by environment.
ATTENTION: default value of option mesa_glthread overridden by environment.
ATTENTION: default value of option mesa_glthread overridden by environment.
1643709971024	Marionette	INFO	Marionette enabled
console.warn: SearchSettings: "get: No settings file exists, new profile?" (new NotFoundError("Could not open the file at /tmp/rust_mozprofilea5ublj/search.json.mozlz4", (void 0)))
1643709972195	Marionette	INFO	Listening on port 45537
1643709972294	RemoteAgent	WARN	TLS certificate errors will be ignored for this session
JavaScript warning: https://stepik.org/static/frontend-build/vendor.js?v=1643648427, line 6082: unreachable code after return statement
JavaScript error: https://stepik.org/static/frontend-build/vendor.js?v=1643648427, line 5900: Error: Expected: '<assignment:568645>' to be present in the adapter provided payload, but it was not found.
ATTENTION: default value of option mesa_glthread overridden by environment.
JavaScript warning: https://mc.yandex.ru/metrika/tag.js, line 11: WEBGL_debug_renderer_info is deprecated in Firefox and will be removed. Please use RENDERER.
1643710630630	Marionette	INFO	Stopped listening on port 45537
console.warn: TopSitesFeed: Failed to fetch data from Contile server: NetworkError when attempting to fetch resource.
JavaScript error: chrome://remote/content/marionette/cert.js, line 55: NS_ERROR_NOT_AVAILABLE: Component returned failure code: 0x80040111 (NS_ERROR_NOT_AVAILABLE) [nsICertOverrideService.setDisableAllSecurityChecksAndLetAttackersInterceptMyData]

###!!! [Parent][RunMessage] Error: Channel closing: too late to send/recv, messages will be lost

1643712081876	geckodriver	INFO	Listening on 127.0.0.1:59499
1643712081881	mozrunner::runner	INFO	Running command: "/usr/bin/firefox" "--marionette" "-no-remote" "-profile" "/tmp/rust_mozprofileKI8Z8N"
ATTENTION: default value of option mesa_glthread overridden by environment.
ATTENTION: default value of option mesa_glthread overridden by environment.
ATTENTION: default value of option mesa_glthread overridden by environment.
ATTENTION: default value of option mesa_glthread overridden by environment.
1643712082525	Marionette	INFO	Marionette enabled
console.warn: SearchSettings: "get: No settings file exists, new profile?" (new NotFoundError("Could not open the file at /tmp/rust_mozprofileKI8Z8N/search.json.mozlz4", (void 0)))
1643712083647	Marionette	INFO	Listening on port 44389
1643712083697	RemoteAgent	WARN	TLS certificate errors will be ignored for this session
JavaScript error: http://selenium1py.pythonanywhere.com/en-gb/, line 758: ReferenceError: oscar is not defined
1643712085432	Marionette	INFO	Stopped listening on port 44389
1643712117599	geckodriver	INFO	Listening on 127.0.0.1:50921
1643712117603	mozrunner::runner	INFO	Running command: "/usr/bin/firefox" "--marionette" "-no-remote" "-profile" "/tmp/rust_mozprofile9zGWOA"
ATTENTION: default value of option mesa_glthread overridden by environment.
ATTENTION: default value of option mesa_glthread overridden by environment.
ATTENTION: default value of option mesa_glthread overridden by environment.
ATTENTION: default value of option mesa_glthread overridden by environment.
1643712118257	Marionette	INFO	Marionette enabled
console.warn: SearchSettings: "get: No settings file exists, new profile?" (new NotFoundError("Could not open the file at /tmp/rust_mozprofile9zGWOA/search.json.mozlz4", (void 0)))
1643712119492	Marionette	INFO	Listening on port 35251
1643712119525	RemoteAgent	WARN	TLS certificate errors will be ignored for this session
JavaScript error: http://selenium1py.pythonanywhere.com/en-gb/, line 758: ReferenceError: oscar is not defined
1643712120677	Marionette	INFO	Stopped listening on port 35251

###!!! [Parent][RunMessage] Error: Channel closing: too late to send/recv, messages will be lost

1643712124747	geckodriver	INFO	Listening on 127.0.0.1:50795
1643712124751	mozrunner::runner	INFO	Running command: "/usr/bin/firefox" "--marionette" "-no-remote" "-profile" "/tmp/rust_mozprofiletnxIdm"
ATTENTION: default value of option mesa_glthread overridden by environment.
ATTENTION: default value of option mesa_glthread overridden by environment.
ATTENTION: default value of option mesa_glthread overridden by environment.
ATTENTION: default value of option mesa_glthread overridden by environment.
1643712125393	Marionette	INFO	Marionette enabled
console.warn: SearchSettings: "get: No settings file exists, new profile?" (new NotFoundError("Could not open the file at /tmp/rust_mozprofiletnxIdm/search.json.mozlz4", (void 0)))
1643712126617	Marionette	INFO	Listening on port 42305
1643712127023	RemoteAgent	WARN	TLS certificate errors will be ignored for this session
JavaScript error: http://selenium1py.pythonanywhere.com/en-gb/, line 758: ReferenceError: oscar is not defined
1643712128961	Marionette	INFO	Stopped listening on port 42305

###!!! [Parent][RunMessage] Error: Channel closing: too late to send/recv, messages will be lost

